<?xml version="1.0" encoding="UTF-8"?>
<!-- Generated by org.testng.reporters.JUnitReportReporter -->
<testsuite skipped="0" hostname="Nazmul_Lenovo" name="test.AddCustomerTest" tests="1" failures="0" timestamp="2022-01-22T21:26:41 CST" time="14.162" errors="0">
  <testcase name="validUserShouldBeAbleToAddCustomer" time="14.162" classname="test.AddCustomerTest"/>
  <system-out/>
</testsuite> <!-- test.AddCustomerTest -->
